<?xml version="1.0" encoding="UTF-8"?>
<testsuite xmlns:xsi="http://www.w3.org/2001/XMLSchema-instance" xsi:noNamespaceSchemaLocation="https://maven.apache.org/surefire/maven-surefire-plugin/xsd/surefire-test-report-3.0.xsd" version="3.0" name="StepDefinitions.NHSJobSearchRunnerTest" time="45.774" tests="5" errors="0" skipped="0" failures="0">
  <properties>
[...]
</properties>
  <testcase name="Job search by title and order jobs by latest date posted" classname="Feature to test NHS job search functionality" time="11.226">
    <system-out><![CDATA[
Scenario: Job search by title and order jobs by latest date posted # src/test/resources/Features/NHSJobSearch.feature:3
Inside Step - user on nhs job search page
  Given user is on nhs job search page                             # StepDefinitions.NHSJobSearchStepsCommon.user_is_on_nhs_job_search_page()
Inside Step - user enters preferred job title 
  When user enters title into what field                           # StepDefinitions.NHSJobSearchStepsCommon.user_enters_title_into_what_field()
Inside Step -clicks on search button 
  And clicks on search button                                      # StepDefinitions.NHSJobSearchStepsCommon.clicks_on_search_button()
Inside Step - user navigated to search results 
  Then user is navigated to the results page                       # StepDefinitions.NHSJobSearchStepsCommon.user_is_navigated_to_the_results_page()
Inside Step -results sorted by newest Date Posted 
  And results sorted by newest Date Posted                         # StepDefinitions.NHSJobSearchStepsCommon.results_sorted_by_newest_Date_Posted()
]]></system-out>
  </testcase>
  <testcase name="Job search by location and order jobs by latest date posted" classname="Feature to test NHS job search functionality" time="8.712">
    <system-out><![CDATA[
Scenario: Job search by location and order jobs by latest date posted # src/test/resources/Features/NHSJobSearch.feature:10
Inside Step - user on nhs job search page
  Given user is on nhs job search page                                # StepDefinitions.NHSJobSearchStepsCommon.user_is_on_nhs_job_search_page()
Inside Step - user enters preferred job location 
  When user enters location into where field                          # StepDefinitions.NHSJobSearchStepsCommon.user_enters_location_into_where_field()
Inside Step -clicks on search button 
  And clicks on search button                                         # StepDefinitions.NHSJobSearchStepsCommon.clicks_on_search_button()
Inside Step - user navigated to search results 
  Then user is navigated to the results page                          # StepDefinitions.NHSJobSearchStepsCommon.user_is_navigated_to_the_results_page()
Inside Step -results sorted by newest Date Posted 
  And results sorted by newest Date Posted                            # StepDefinitions.NHSJobSearchStepsCommon.results_sorted_by_newest_Date_Posted()
]]></system-out>
  </testcase>
  <testcase name="Job search by title &amp; employer and order jobs by latest date posted" classname="Feature to test NHS job search functionality" time="8.584">
    <system-out><![CDATA[
Scenario: Job search by title & employer and order jobs by latest date posted # src/test/resources/Features/NHSJobSearch.feature:17
Inside Step - user on nhs job search page
  Given user is on nhs job search page                                        # StepDefinitions.NHSJobSearchStepsCommon.user_is_on_nhs_job_search_page()
Inside Step - user enters preferred job title 
  When user enters title into what field                                      # StepDefinitions.NHSJobSearchStepsCommon.user_enters_title_into_what_field()
Inside Step - user enters preferred employer name 
  And user enters employer name into Employer field                           # StepDefinitions.NHSJobSearchStepsCommon.user_enters_employer_name_into_Employer_field()
Inside Step -clicks on search button 
  And clicks on search button                                                 # StepDefinitions.NHSJobSearchStepsCommon.clicks_on_search_button()
Inside Step - user navigated to search results 
  Then user is navigated to the results page                                  # StepDefinitions.NHSJobSearchStepsCommon.user_is_navigated_to_the_results_page()
Inside Step -results sorted by newest Date Posted 
  And results sorted by newest Date Posted                                    # StepDefinitions.NHSJobSearchStepsCommon.results_sorted_by_newest_Date_Posted()
]]></system-out>
  </testcase>
  <testcase name="Job search by title &amp; salary range and order jobs by latest date posted" classname="Feature to test NHS job search functionality" time="8.695">
    <system-out><![CDATA[
Scenario: Job search by title & salary range and order jobs by latest date posted # src/test/resources/Features/NHSJobSearch.feature:25
Inside Step - user on nhs job search page
  Given user is on nhs job search page                                            # StepDefinitions.NHSJobSearchStepsCommon.user_is_on_nhs_job_search_page()
Inside Step - user enters preferred job title 
  When user enters title into what field                                          # StepDefinitions.NHSJobSearchStepsCommon.user_enters_title_into_what_field()
Inside Step - user selected preferred payrange 
  And user selects payrange from dropdown                                         # StepDefinitions.NHSJobSearchStepsCommon.user_selects_payrange_from_dropdown()
Inside Step -clicks on search button 
  And clicks on search button                                                     # StepDefinitions.NHSJobSearchStepsCommon.clicks_on_search_button()
Inside Step - user navigated to search results 
  Then user is navigated to the results page                                      # StepDefinitions.NHSJobSearchStepsCommon.user_is_navigated_to_the_results_page()
Inside Step -results sorted by newest Date Posted 
  And results sorted by newest Date Posted                                        # StepDefinitions.NHSJobSearchStepsCommon.results_sorted_by_newest_Date_Posted()
]]></system-out>
  </testcase>
  <testcase name="Negative scenario to test search functionality with incorrect job location" classname="Feature to test NHS job search functionality" time="7.471">
    <system-out><![CDATA[
Scenario: Negative scenario to test search functionality with incorrect job location # src/test/resources/Features/NHSJobSearch.feature:33
Inside Step - user on nhs job search page
  Given user is on nhs job search page                                               # StepDefinitions.NHSJobSearchStepsCommon.user_is_on_nhs_job_search_page()
Inside Step - user enters preferred job location which does not exists 
  When user enters incorrect location into where field                               # StepDefinitions.NHSJobSearchStepsCommon.user_enters_incorrect_location_into_where_field()
Inside Step -clicks on search button 
  And clicks on search button                                                        # StepDefinitions.NHSJobSearchStepsCommon.clicks_on_search_button()
  Then user is displayed with message 'Location not found'                           # StepDefinitions.NHSJobSearchStepsCommon.user_is_displayed_with_message_Location_not_found()
]]></system-out>
  </testcase>
</testsuite>